2025-04-13 23:20:58,392 - __main__ - INFO - 应用启动，日志保存至: /home/jeffliu/projects_ubuntu/wencfo/app/log/2025-04-13_23-20-58.log
2025-04-13 23:21:09,935 - __main__ - INFO - 处理原始消息: 你好！我是你的专业CFO助手，专注于财务和金融领域。有什么我可以帮你的吗？[[TOOLS:FALSE][无]]
2025-04-13 23:21:09,936 - __main__ - INFO - 提取的工具状态: False
2025-04-13 23:21:09,936 - __main__ - INFO - 提取的工具内容: 无
2025-04-13 23:21:29,137 - __main__ - INFO - 处理原始消息: 你可以叫我"财智"（FinanceWise），或者直接叫我CFO也可以。作为你的财务助手，名字不重要，重要的是能帮你解决实际问题。  

有什么财务或金融相关的问题需要我协助吗？[[TOOLS:FAL...
2025-04-13 23:21:29,138 - __main__ - INFO - 提取的工具状态: False
2025-04-13 23:21:29,138 - __main__ - INFO - 提取的工具内容: 无
2025-04-13 23:22:20,359 - __main__ - INFO - 处理原始消息: 在中国报税的具体流程和所需资质会根据纳税主体（如个人、企业、个体工商户等）和税种（如增值税、企业所得税、个人所得税等）有所不同。以下是通用指导，如需更精准的信息，我可以帮你进一步搜索官方文件或政策更新...
2025-04-13 23:22:20,360 - __main__ - INFO - 提取的工具状态: True
2025-04-13 23:22:20,361 - __main__ - INFO - 提取的工具内容: 搜索中国国家税务总局最新报税指南或地方税务局实施细则
2025-04-13 23:22:20,361 - __main__ - INFO - 接收到工具请求: 搜索中国国家税务总局最新报税指南或地方税务局实施细则
2025-04-13 23:22:20,361 - __main__ - INFO - 创建线程池执行器
2025-04-13 23:22:20,361 - __main__ - INFO - 线程开始执行
2025-04-13 23:22:20,361 - __main__ - INFO - 等待工具执行完成，超时时间300秒
2025-04-13 23:22:20,362 - __main__ - INFO - 开始处理工具请求: 搜索中国国家税务总局最新报税指南或地方税务局实施细则
2025-04-13 23:22:20,363 - __main__ - INFO - 已配置Open Manus日志转发到主程序
2025-04-13 23:22:20,463 - __main__ - INFO - 向Open Manus提交请求: 搜索中国国家税务总局最新报税指南或地方税务局实施细则
2025-04-13 23:27:08,841 - __main__ - INFO - Open Manus工具链执行完成
2025-04-13 23:27:08,841 - __main__ - INFO - 清理Open Manus资源
2025-04-13 23:27:08,841 - __main__ - INFO - 异步任务执行完成
2025-04-13 23:27:08,841 - __main__ - INFO - 线程结束
