2025-04-13 23:43:11,016 - __main__ - INFO - 应用启动，日志保存至: /home/jeffliu/projects_ubuntu/wencfo/app/log/2025-04-13_23-43-11.log
2025-04-13 23:43:11,016 - __main__ - INFO - Open Manus日志保存至: /home/jeffliu/projects_ubuntu/wencfo/app/log/manus_2025-04-13_23-43-11.log
2025-04-13 23:43:23,711 - __main__ - INFO - 处理原始消息: 您好！我是您的CFO助手，专注于财务和金融领域。有什么财务相关的问题我可以帮您解答吗？[[TOOLS:FALSE][无]]
2025-04-13 23:43:23,711 - __main__ - INFO - 提取的工具状态: False
2025-04-13 23:43:23,711 - __main__ - INFO - 提取的工具内容: 无
2025-04-13 23:43:50,626 - __main__ - INFO - 处理原始消息: 作为您的专业CFO助手，我擅长以下财务金融领域的核心能力：

1. **财务分析**
- 财务报表解读（资产负债表/利润表/现金流量表）
- 财务比率计算与分析
- 盈利能力/偿债能力/运营效率诊断
...
2025-04-13 23:43:50,629 - __main__ - INFO - 提取的工具状态: False
2025-04-13 23:43:50,629 - __main__ - INFO - 提取的工具内容: 无
2025-04-13 23:44:17,028 - __main__ - INFO - 处理原始消息: 我将为您执行以下专业分析流程：

1. **实时数据获取**
- 特斯拉(TSLA)最新股价
- 成交量/市盈率等关键指标
- 近期走势图表

2. **基本面分析**
- 提取最新季报核心数据
- ...
2025-04-13 23:44:17,029 - __main__ - INFO - 提取的工具状态: True
2025-04-13 23:44:17,029 - __main__ - INFO - 提取的工具内容: 获取特斯拉实时股价及财务数据；下载最新10-Q报表；查询分析师评级；提取技术指标
2025-04-13 23:44:17,029 - __main__ - INFO - 接收到工具请求: 获取特斯拉实时股价及财务数据；下载最新10-Q报表；查询分析师评级；提取技术指标
2025-04-13 23:44:17,029 - __main__ - INFO - 创建线程池执行器
2025-04-13 23:44:17,030 - __main__ - INFO - 线程开始执行
2025-04-13 23:44:17,030 - __main__ - INFO - 等待工具执行完成，超时时间300秒
2025-04-13 23:44:17,031 - __main__ - INFO - 开始处理工具请求: 获取特斯拉实时股价及财务数据；下载最新10-Q报表；查询分析师评级；提取技术指标
2025-04-13 23:44:17,033 - __main__ - INFO - 已配置Open Manus日志转发到主程序
2025-04-13 23:44:17,127 - __main__ - INFO - 向Open Manus提交请求: 获取特斯拉实时股价及财务数据；下载最新10-Q报表；查询分析师评级；提取技术指标
2025-04-13 23:49:17,042 - __main__ - ERROR - 工具执行超时
2025-04-13 23:49:34,185 - __main__ - INFO - Open Manus工具链执行完成
2025-04-13 23:49:34,185 - __main__ - INFO - 清理Open Manus资源
2025-04-13 23:49:34,186 - __main__ - INFO - 异步任务执行完成
2025-04-13 23:49:34,186 - __main__ - INFO - 线程结束
